<?xml version="1.0" encoding="UTF-8"?>
<testng-results ignored="0" total="3" passed="3" failed="0" skipped="0">
  <reporter-output>
  </reporter-output>
  <suite started-at="2022-10-03T15:00:06 IST" name="Suite" finished-at="2022-10-03T15:00:39 IST" duration-ms="32790">
    <groups>
    </groups>
    <test started-at="2022-10-03T15:00:06 IST" name="Test" finished-at="2022-10-03T15:00:39 IST" duration-ms="32790">
      <class name="com.simplilearn.demo.Lesson2_Automate_WebApplication.AmazonSearch">
        <test-method is-config="true" signature="beforeMethod()[pri:0, instance:com.simplilearn.demo.Lesson2_Automate_WebApplication.AmazonSearch@ffaa6af]" started-at="2022-10-03T15:00:12 IST" name="beforeMethod" finished-at="2022-10-03T15:00:13 IST" duration-ms="1167" status="PASS">
          <reporter-output>
          </reporter-output>
        </test-method> <!-- beforeMethod -->
        <test-method signature="amazonSearch()[pri:0, instance:com.simplilearn.demo.Lesson2_Automate_WebApplication.AmazonSearch@ffaa6af]" started-at="2022-10-03T15:00:13 IST" name="amazonSearch" finished-at="2022-10-03T15:00:22 IST" duration-ms="9087" status="PASS">
          <reporter-output>
          </reporter-output>
        </test-method> <!-- amazonSearch -->
        <test-method is-config="true" signature="afterMethod()[pri:0, instance:com.simplilearn.demo.Lesson2_Automate_WebApplication.AmazonSearch@ffaa6af]" started-at="2022-10-03T15:00:22 IST" name="afterMethod" finished-at="2022-10-03T15:00:22 IST" duration-ms="0" status="PASS">
          <reporter-output>
          </reporter-output>
        </test-method> <!-- afterMethod -->
      </class> <!-- com.simplilearn.demo.Lesson2_Automate_WebApplication.AmazonSearch -->
      <class name="com.simplilearn.demo.Lesson2_Automate_WebApplication.FacebookLogin">
        <test-method is-config="true" signature="beforeMethod()[pri:0, instance:com.simplilearn.demo.Lesson2_Automate_WebApplication.FacebookLogin@3f6b0be5]" started-at="2022-10-03T15:00:06 IST" name="beforeMethod" finished-at="2022-10-03T15:00:09 IST" duration-ms="3171" status="PASS">
          <reporter-output>
          </reporter-output>
        </test-method> <!-- beforeMethod -->
        <test-method signature="facebookLogin()[pri:0, instance:com.simplilearn.demo.Lesson2_Automate_WebApplication.FacebookLogin@3f6b0be5]" started-at="2022-10-03T15:00:09 IST" name="facebookLogin" finished-at="2022-10-03T15:00:12 IST" duration-ms="2763" status="PASS">
          <reporter-output>
          </reporter-output>
        </test-method> <!-- facebookLogin -->
        <test-method is-config="true" signature="afterMethod()[pri:0, instance:com.simplilearn.demo.Lesson2_Automate_WebApplication.FacebookLogin@3f6b0be5]" started-at="2022-10-03T15:00:12 IST" name="afterMethod" finished-at="2022-10-03T15:00:12 IST" duration-ms="0" status="PASS">
          <reporter-output>
          </reporter-output>
        </test-method> <!-- afterMethod -->
      </class> <!-- com.simplilearn.demo.Lesson2_Automate_WebApplication.FacebookLogin -->
      <class name="com.simplilearn.demo.Lesson2_Automate_WebApplication.OracleRegistration">
        <test-method is-config="true" signature="beforeMethod()[pri:0, instance:com.simplilearn.demo.Lesson2_Automate_WebApplication.OracleRegistration@53ce1329]" started-at="2022-10-03T15:00:22 IST" name="beforeMethod" finished-at="2022-10-03T15:00:25 IST" duration-ms="2515" status="PASS">
          <reporter-output>
          </reporter-output>
        </test-method> <!-- beforeMethod -->
        <test-method signature="oracleRegistration()[pri:0, instance:com.simplilearn.demo.Lesson2_Automate_WebApplication.OracleRegistration@53ce1329]" started-at="2022-10-03T15:00:25 IST" name="oracleRegistration" finished-at="2022-10-03T15:00:39 IST" duration-ms="14022" status="PASS">
          <reporter-output>
          </reporter-output>
        </test-method> <!-- oracleRegistration -->
        <test-method is-config="true" signature="afterMethod()[pri:0, instance:com.simplilearn.demo.Lesson2_Automate_WebApplication.OracleRegistration@53ce1329]" started-at="2022-10-03T15:00:39 IST" name="afterMethod" finished-at="2022-10-03T15:00:39 IST" duration-ms="0" status="PASS">
          <reporter-output>
          </reporter-output>
        </test-method> <!-- afterMethod -->
      </class> <!-- com.simplilearn.demo.Lesson2_Automate_WebApplication.OracleRegistration -->
    </test> <!-- Test -->
  </suite> <!-- Suite -->
</testng-results>
