<?xml version="1.0" encoding="UTF-8"?>
<!-- Generated by org.testng.reporters.JUnitXMLReporter -->
<testsuite ignored="0" hostname="Ebinesar" failures="0" tests="14" name="Test" time="141.989" errors="0" timestamp="2022-10-11T10:33:11 IST">
  <testcase classname="com.simplilearn.demo.FlipkartTestChrome" name="closeLogin" time="1.226"/>
  <testcase classname="com.simplilearn.demo.FlipkartTestChrome" name="scroll" time="6.105"/>
  <testcase classname="com.simplilearn.demo.FlipkartTestChrome" name="searchProduct" time="5.528"/>
  <testcase classname="com.simplilearn.demo.FlipkartTestChrome" name="loadImage" time="12.63"/>
  <testcase classname="com.simplilearn.demo.FlipkartTestChrome" name="scrollFrequency" time="2.081"/>
  <testcase classname="com.simplilearn.demo.FlipkartTestChrome" name="downloadImages" time="0.046"/>
  <testcase classname="com.simplilearn.demo.FlipkartTestChrome" name="screenResolution" time="7.634"/>
  <testcase classname="com.simplilearn.demo.FlipkartTestEdge" name="closeLogin" time="1.221"/>
  <testcase classname="com.simplilearn.demo.FlipkartTestEdge" name="scroll" time="6.119"/>
  <testcase classname="com.simplilearn.demo.FlipkartTestEdge" name="searchProduct" time="5.528"/>
  <testcase classname="com.simplilearn.demo.FlipkartTestEdge" name="loadImage" time="12.203"/>
  <testcase classname="com.simplilearn.demo.FlipkartTestEdge" name="scrollFrequency" time="2.07"/>
  <testcase classname="com.simplilearn.demo.FlipkartTestEdge" name="downloadImages" time="0.029"/>
  <testcase classname="com.simplilearn.demo.FlipkartTestEdge" name="screenResolution" time="7.63"/>
</testsuite> <!-- Test -->
