<?xml version="1.0" encoding="UTF-8"?>
<!-- Generated by org.testng.reporters.JUnitXMLReporter -->
<testsuite ignored="0" hostname="Ebinesar" failures="0" tests="3" name="Test" time="32.79" errors="0" timestamp="2022-10-03T15:00:39 IST">
  <testcase classname="com.simplilearn.demo.Lesson2_Automate_WebApplication.FacebookLogin" name="facebookLogin" time="2.763"/>
  <testcase classname="com.simplilearn.demo.Lesson2_Automate_WebApplication.AmazonSearch" name="amazonSearch" time="9.087"/>
  <testcase classname="com.simplilearn.demo.Lesson2_Automate_WebApplication.OracleRegistration" name="oracleRegistration" time="14.022"/>
</testsuite> <!-- Test -->
