<?xml version="1.0" encoding="UTF-8"?>
<!-- Generated by org.testng.reporters.JUnitXMLReporter -->
<testsuite ignored="0" hostname="Ebinesar" failures="0" tests="7" name="Default test" time="133.079" errors="0" timestamp="2022-10-11T10:30:28 IST">
  <testcase classname="com.simplilearn.demo.FlipkartTestEdge" name="closeLogin" time="1.205"/>
  <testcase classname="com.simplilearn.demo.FlipkartTestEdge" name="scroll" time="6.187"/>
  <testcase classname="com.simplilearn.demo.FlipkartTestEdge" name="searchProduct" time="5.703"/>
  <testcase classname="com.simplilearn.demo.FlipkartTestEdge" name="loadImage" time="15.268"/>
  <testcase classname="com.simplilearn.demo.FlipkartTestEdge" name="scrollFrequency" time="2.076"/>
  <testcase classname="com.simplilearn.demo.FlipkartTestEdge" name="downloadImages" time="0.028"/>
  <testcase classname="com.simplilearn.demo.FlipkartTestEdge" name="screenResolution" time="7.664"/>
</testsuite> <!-- Default test -->
